<?xml version="1.0" encoding="UTF-8"?>
<testng-results skipped="0" failed="1" ignored="0" total="2" passed="1">
  <reporter-output>
  </reporter-output>
  <suite name="HeroKu test Suite" duration-ms="7191" started-at="2021-07-18T12:00:49Z" finished-at="2021-07-18T12:00:57Z">
    <groups>
    </groups>
    <test name="Login Test" duration-ms="7191" started-at="2021-07-18T12:00:49Z" finished-at="2021-07-18T12:00:57Z">
      <class name="tests.LoginTest">
        <test-method status="PASS" signature="startTest()[pri:0, instance:tests.LoginTest@6f1de4c7]" name="startTest" is-config="true" duration-ms="5665" started-at="2021-07-18T12:00:44Z" finished-at="2021-07-18T12:00:49Z">
          <reporter-output>
          </reporter-output>
        </test-method> <!-- startTest -->
        <test-method status="PASS" signature="setUp()[pri:0, instance:tests.LoginTest@6f1de4c7]" name="setUp" is-config="true" duration-ms="1" started-at="2021-07-18T12:00:50Z" finished-at="2021-07-18T12:00:50Z">
          <reporter-output>
          </reporter-output>
        </test-method> <!-- setUp -->
        <test-method status="FAIL" signature="invalidLogin()[pri:0, instance:tests.LoginTest@6f1de4c7]" name="invalidLogin" duration-ms="5729" started-at="2021-07-18T12:00:50Z" finished-at="2021-07-18T12:00:55Z">
          <exception class="java.lang.AssertionError">
            <full-stacktrace>
              <![CDATA[java.lang.AssertionError
at tests.LoginTest.invalidLogin(LoginTest.java:38)
at sun.reflect.NativeMethodAccessorImpl.invoke0(Native Method)
at sun.reflect.NativeMethodAccessorImpl.invoke(NativeMethodAccessorImpl.java:62)
at sun.reflect.DelegatingMethodAccessorImpl.invoke(DelegatingMethodAccessorImpl.java:43)
at java.lang.reflect.Method.invoke(Method.java:498)
at org.testng.internal.MethodInvocationHelper.invokeMethod(MethodInvocationHelper.java:124)
at org.testng.internal.Invoker.invokeMethod(Invoker.java:583)
at org.testng.internal.Invoker.invokeTestMethod(Invoker.java:719)
at org.testng.internal.Invoker.invokeTestMethods(Invoker.java:989)
at org.testng.internal.TestMethodWorker.invokeTestMethods(TestMethodWorker.java:125)
at org.testng.internal.TestMethodWorker.run(TestMethodWorker.java:109)
at org.testng.TestRunner.privateRun(TestRunner.java:648)
at org.testng.TestRunner.run(TestRunner.java:505)
at org.testng.SuiteRunner.runTest(SuiteRunner.java:455)
at org.testng.SuiteRunner.runSequentially(SuiteRunner.java:450)
at org.testng.SuiteRunner.privateRun(SuiteRunner.java:415)
at org.testng.SuiteRunner.run(SuiteRunner.java:364)
at org.testng.SuiteRunnerWorker.runSuite(SuiteRunnerWorker.java:52)
at org.testng.SuiteRunnerWorker.run(SuiteRunnerWorker.java:84)
at org.testng.TestNG.runSuitesSequentially(TestNG.java:1208)
at org.testng.TestNG.runSuitesLocally(TestNG.java:1137)
at org.testng.TestNG.runSuites(TestNG.java:1049)
at org.testng.TestNG.run(TestNG.java:1017)
at org.testng.remote.AbstractRemoteTestNG.run(AbstractRemoteTestNG.java:115)
at org.testng.remote.RemoteTestNG.initAndRun(RemoteTestNG.java:251)
at org.testng.remote.RemoteTestNG.main(RemoteTestNG.java:77)
]]>
            </full-stacktrace>
          </exception> <!-- java.lang.AssertionError -->
          <reporter-output>
          </reporter-output>
        </test-method> <!-- invalidLogin -->
        <test-method status="PASS" signature="endReport(org.testng.ITestResult)[pri:0, instance:tests.LoginTest@6f1de4c7]" name="endReport" is-config="true" duration-ms="239" started-at="2021-07-18T12:00:55Z" finished-at="2021-07-18T12:00:55Z">
          <params>
            <param index="0">
              <value>
                <![CDATA[[TestResult name=invalidLogin status=FAILURE method=LoginTest.invalidLogin()[pri:0, instance:tests.LoginTest@6f1de4c7] output={null}]]]>
              </value>
            </param>
          </params>
          <reporter-output>
          </reporter-output>
        </test-method> <!-- endReport -->
        <test-method status="PASS" signature="setUp()[pri:0, instance:tests.LoginTest@6f1de4c7]" name="setUp" is-config="true" duration-ms="1" started-at="2021-07-18T12:00:55Z" finished-at="2021-07-18T12:00:55Z">
          <reporter-output>
          </reporter-output>
        </test-method> <!-- setUp -->
        <test-method status="PASS" signature="validLogin()[pri:0, instance:tests.LoginTest@6f1de4c7]" name="validLogin" duration-ms="1188" started-at="2021-07-18T12:00:55Z" finished-at="2021-07-18T12:00:57Z">
          <reporter-output>
          </reporter-output>
        </test-method> <!-- validLogin -->
        <test-method status="PASS" signature="endReport(org.testng.ITestResult)[pri:0, instance:tests.LoginTest@6f1de4c7]" name="endReport" is-config="true" duration-ms="2" started-at="2021-07-18T12:00:57Z" finished-at="2021-07-18T12:00:57Z">
          <params>
            <param index="0">
              <value>
                <![CDATA[[TestResult name=validLogin status=SUCCESS method=LoginTest.validLogin()[pri:0, instance:tests.LoginTest@6f1de4c7] output={null}]]]>
              </value>
            </param>
          </params>
          <reporter-output>
          </reporter-output>
        </test-method> <!-- endReport -->
        <test-method status="PASS" signature="endTest()[pri:0, instance:tests.LoginTest@6f1de4c7]" name="endTest" is-config="true" duration-ms="1085" started-at="2021-07-18T12:00:57Z" finished-at="2021-07-18T12:00:58Z">
          <reporter-output>
          </reporter-output>
        </test-method> <!-- endTest -->
      </class> <!-- tests.LoginTest -->
    </test> <!-- Login Test -->
  </suite> <!-- HeroKu test Suite -->
</testng-results>
